-- The C compiler identification is GNU 10.3.0
-- The CXX compiler identification is GNU 10.3.0
-- Check for working C compiler: /usr/bin/cc
-- Check for working C compiler: /usr/bin/cc -- works
-- Detecting C compiler ABI info
-- Detecting C compiler ABI info - done
-- Detecting C compile features
-- Detecting C compile features - done
-- Check for working CXX compiler: /usr/bin/c++
-- Check for working CXX compiler: /usr/bin/c++ -- works
-- Detecting CXX compiler ABI info
-- Detecting CXX compiler ABI info - done
-- Detecting CXX compile features
-- Detecting CXX compile features - done
-- Found ament_cmake: 1.1.5 (/opt/ros/galactic/share/ament_cmake/cmake)
-- Found PythonInterp: /usr/bin/python3 (found suitable version "3.8.10", minimum required is "3") 
-- Using PYTHON_EXECUTABLE: /usr/bin/python3
-- Found rclcpp: 9.2.0 (/opt/ros/galactic/share/rclcpp/cmake)
-- Using all available rosidl_typesupport_c: rosidl_typesupport_fastrtps_c;rosidl_typesupport_introspection_c
-- Found rosidl_adapter: 2.2.1 (/opt/ros/galactic/share/rosidl_adapter/cmake)
-- Found OpenSSL: /usr/lib/x86_64-linux-gnu/libcrypto.so (found version "1.1.1f")  
-- Found FastRTPS: /opt/ros/galactic/include  
-- Using all available rosidl_typesupport_cpp: rosidl_typesupport_fastrtps_cpp;rosidl_typesupport_introspection_cpp
-- Found rmw_implementation_cmake: 3.3.1 (/opt/ros/galactic/share/rmw_implementation_cmake/cmake)
-- Found rmw_cyclonedds_cpp: 0.22.4 (/opt/ros/galactic/share/rmw_cyclonedds_cpp/cmake)
-- Using RMW implementation 'rmw_cyclonedds_cpp' as default
-- Looking for pthread.h
-- Looking for pthread.h - found
-- Performing Test CMAKE_HAVE_LIBC_PTHREAD
-- Performing Test CMAKE_HAVE_LIBC_PTHREAD - Failed
-- Looking for pthread_create in pthreads
-- Looking for pthread_create in pthreads - not found
-- Looking for pthread_create in pthread
-- Looking for pthread_create in pthread - found
-- Found Threads: TRUE  
-- Found rosidl_default_generators: 1.1.1 (/opt/ros/galactic/share/rosidl_default_generators/cmake)
-- Found PythonInterp: /usr/bin/python3 (found version "3.8.10") 
-- Found ament_cmake_ros: 0.9.2 (/opt/ros/galactic/share/ament_cmake_ros/cmake)
-- Using all available rosidl_typesupport_c: rosidl_typesupport_fastrtps_c;rosidl_typesupport_introspection_c
-- Using all available rosidl_typesupport_cpp: rosidl_typesupport_fastrtps_cpp;rosidl_typesupport_introspection_cpp
-- Found PythonInterp: /usr/bin/python3 (found suitable version "3.8.10", minimum required is "3.5") 
-- Found python_cmake_module: 0.8.1 (/opt/ros/galactic/share/python_cmake_module/cmake)
-- Found PythonLibs: /usr/lib/x86_64-linux-gnu/libpython3.8.so (found suitable version "3.8.10", minimum required is "3.5") 
-- Using PYTHON_EXECUTABLE: /usr/bin/python3
-- Using PYTHON_INCLUDE_DIRS: /usr/include/python3.8
-- Using PYTHON_LIBRARIES: /usr/lib/x86_64-linux-gnu/libpython3.8.so
-- Found PythonExtra: .so  
-- Found ament_lint_auto: 0.10.6 (/opt/ros/galactic/share/ament_lint_auto/cmake)
-- Added test 'copyright' to check source files copyright and LICENSE
-- Added test 'cppcheck' to perform static code analysis on C / C++ code
-- Configured cppcheck include dirs: /mnt/c/Users/SCoug/OneDrive/wsl/ros_ws/src/ros2kdb/./include;$<BUILD_INTERFACE:/mnt/c/Users/SCoug/OneDrive/wsl/ros_ws/src/ros2kdb/build/ros2kdb/rosidl_generator_c>;/mnt/c/Users/SCoug/OneDrive/wsl/ros_ws/src/ros2kdb/build/ros2kdb/rosidl_generator_c;/mnt/c/Users/SCoug/OneDrive/wsl/ros_ws/src/ros2kdb/build/ros2kdb/rosidl_generator_cpp;/mnt/c/Users/SCoug/OneDrive/wsl/ros_ws/src/ros2kdb/build/ros2kdb/rosidl_typesupport_fastrtps_c;/mnt/c/Users/SCoug/OneDrive/wsl/ros_ws/src/ros2kdb/build/ros2kdb/rosidl_typesupport_fastrtps_cpp;$<BUILD_INTERFACE:/mnt/c/Users/SCoug/OneDrive/wsl/ros_ws/src/ros2kdb/build/ros2kdb/rosidl_typesupport_introspection_c>;$<BUILD_INTERFACE:/mnt/c/Users/SCoug/OneDrive/wsl/ros_ws/src/ros2kdb/build/ros2kdb/rosidl_typesupport_c>;$<BUILD_INTERFACE:/mnt/c/Users/SCoug/OneDrive/wsl/ros_ws/src/ros2kdb/build/ros2kdb/rosidl_generator_cpp>;/mnt/c/Users/SCoug/OneDrive/wsl/ros_ws/src/ros2kdb/build/ros2kdb/rosidl_generator_py
-- Configured cppcheck exclude dirs and/or files: 
-- Added test 'cpplint' to check C / C++ code against the Google style
-- Configured cpplint exclude dirs and/or files: 
-- Added test 'flake8' to check Python code syntax and style conventions
-- Added test 'lint_cmake' to check CMake code style
-- Added test 'pep257' to check Python code against some of the style conventions in PEP 257
-- Added test 'uncrustify' to check C / C++ code style
-- Configured uncrustify additional arguments: 
-- Added test 'xmllint' to check XML markup files
-- Configuring done
-- Generating done
-- Build files have been written to: /mnt/c/Users/SCoug/OneDrive/wsl/ros_ws/src/ros2kdb/build/ros2kdb
[35m[1mScanning dependencies of target kdbsub[0m
[35m[1mScanning dependencies of target ros2kdb__cpp[0m
[  1%] [34m[1mGenerating C code for ROS interfaces[0m
[  2%] [34m[1mGenerating C++ code for ROS interfaces[0m
[  3%] [32mBuilding CXX object CMakeFiles/kdbsub.dir/src/newSubKdb.cpp.o[0m
[  3%] Built target ros2kdb__cpp
[  5%] [34m[1mGenerating C++ introspection for ROS interfaces[0m
[  5%] [34m[1mGenerating C++ type support dispatch for ROS interfaces[0m
[  6%] [34m[1mGenerating C++ type support for eProsima Fast-RTPS[0m
[35m[1mScanning dependencies of target ros2kdb__rosidl_generator_c[0m
[01m[K/mnt/c/Users/SCoug/OneDrive/wsl/ros_ws/src/ros2kdb/src/newSubKdb.cpp:8:10:[m[K [01;31m[Kfatal error: [m[Kros2kdb/msg/ExhaustInput.hpp: No such file or directory
    8 | #include [01;31m[K"ros2kdb/msg/ExhaustInput.hpp"[m[K
      |          [01;31m[K^~~~~~~~~~~~~~~~~~~~~~~~~~~~~~[m[K
compilation terminated.
make[2]: *** [CMakeFiles/kdbsub.dir/build.make:63: CMakeFiles/kdbsub.dir/src/newSubKdb.cpp.o] Error 1
make[1]: *** [CMakeFiles/Makefile2:123: CMakeFiles/kdbsub.dir/all] Error 2
make[1]: *** Waiting for unfinished jobs....
[35m[1mScanning dependencies of target ros2kdb__rosidl_typesupport_cpp[0m
[  7%] [32mBuilding C object CMakeFiles/ros2kdb__rosidl_generator_c.dir/rosidl_generator_c/ros2kdb/msg/detail/antenna__functions.c.o[0m
[  8%] [32mBuilding C object CMakeFiles/ros2kdb__rosidl_generator_c.dir/rosidl_generator_c/ros2kdb/msg/detail/edf_input__functions.c.o[0m
[ 10%] [32mBuilding C object CMakeFiles/ros2kdb__rosidl_generator_c.dir/rosidl_generator_c/ros2kdb/msg/detail/edf_output__functions.c.o[0m
[35m[1mScanning dependencies of target ros2kdb__rosidl_typesupport_introspection_cpp[0m
[ 11%] [32mBuilding C object CMakeFiles/ros2kdb__rosidl_generator_c.dir/rosidl_generator_c/ros2kdb/msg/detail/elevon_input__functions.c.o[0m
[ 12%] [32mBuilding C object CMakeFiles/ros2kdb__rosidl_generator_c.dir/rosidl_generator_c/ros2kdb/msg/detail/elevon_output__functions.c.o[0m
[ 13%] [32mBuilding C object CMakeFiles/ros2kdb__rosidl_generator_c.dir/rosidl_generator_c/ros2kdb/msg/detail/exhaust_input__functions.c.o[0m
[ 14%] [32mBuilding C object CMakeFiles/ros2kdb__rosidl_generator_c.dir/rosidl_generator_c/ros2kdb/msg/detail/exhaust_output__functions.c.o[0m
[ 15%] [32mBuilding C object CMakeFiles/ros2kdb__rosidl_generator_c.dir/rosidl_generator_c/ros2kdb/msg/detail/locate__functions.c.o[0m
[35m[1mScanning dependencies of target ros2kdb__rosidl_typesupport_fastrtps_cpp[0m
[ 16%] [32m[1mLinking C shared library libros2kdb__rosidl_generator_c.so[0m
[ 19%] [32mBuilding CXX object CMakeFiles/ros2kdb__rosidl_typesupport_cpp.dir/rosidl_typesupport_cpp/ros2kdb/msg/antenna__type_support.cpp.o[0m
[ 19%] [32mBuilding CXX object CMakeFiles/ros2kdb__rosidl_typesupport_cpp.dir/rosidl_typesupport_cpp/ros2kdb/msg/edf_input__type_support.cpp.o[0m
[ 20%] [32mBuilding CXX object CMakeFiles/ros2kdb__rosidl_typesupport_cpp.dir/rosidl_typesupport_cpp/ros2kdb/msg/edf_output__type_support.cpp.o[0m
[ 21%] [32mBuilding CXX object CMakeFiles/ros2kdb__rosidl_typesupport_cpp.dir/rosidl_typesupport_cpp/ros2kdb/msg/elevon_input__type_support.cpp.o[0m
[ 22%] [32mBuilding CXX object CMakeFiles/ros2kdb__rosidl_typesupport_cpp.dir/rosidl_typesupport_cpp/ros2kdb/msg/elevon_output__type_support.cpp.o[0m
[ 23%] [32mBuilding CXX object CMakeFiles/ros2kdb__rosidl_typesupport_introspection_cpp.dir/rosidl_typesupport_introspection_cpp/ros2kdb/msg/detail/antenna__type_support.cpp.o[0m
[ 23%] Built target ros2kdb__rosidl_generator_c
[ 24%] [32mBuilding CXX object CMakeFiles/ros2kdb__rosidl_typesupport_introspection_cpp.dir/rosidl_typesupport_introspection_cpp/ros2kdb/msg/detail/edf_input__type_support.cpp.o[0m
[ 25%] [32mBuilding CXX object CMakeFiles/ros2kdb__rosidl_typesupport_cpp.dir/rosidl_typesupport_cpp/ros2kdb/msg/exhaust_input__type_support.cpp.o[0m
[ 26%] [32mBuilding CXX object CMakeFiles/ros2kdb__rosidl_typesupport_cpp.dir/rosidl_typesupport_cpp/ros2kdb/msg/exhaust_output__type_support.cpp.o[0m
[ 28%] [32mBuilding CXX object CMakeFiles/ros2kdb__rosidl_typesupport_introspection_cpp.dir/rosidl_typesupport_introspection_cpp/ros2kdb/msg/detail/edf_output__type_support.cpp.o[0m
[ 29%] [32mBuilding CXX object CMakeFiles/ros2kdb__rosidl_typesupport_cpp.dir/rosidl_typesupport_cpp/ros2kdb/msg/locate__type_support.cpp.o[0m
[ 30%] [32mBuilding CXX object CMakeFiles/ros2kdb__rosidl_typesupport_introspection_cpp.dir/rosidl_typesupport_introspection_cpp/ros2kdb/msg/detail/elevon_input__type_support.cpp.o[0m
[ 31%] [32mBuilding CXX object CMakeFiles/ros2kdb__rosidl_typesupport_fastrtps_cpp.dir/rosidl_typesupport_fastrtps_cpp/ros2kdb/msg/detail/dds_fastrtps/antenna__type_support.cpp.o[0m
[ 32%] [32mBuilding CXX object CMakeFiles/ros2kdb__rosidl_typesupport_fastrtps_cpp.dir/rosidl_typesupport_fastrtps_cpp/ros2kdb/msg/detail/dds_fastrtps/edf_input__type_support.cpp.o[0m
[ 34%] [32mBuilding CXX object CMakeFiles/ros2kdb__rosidl_typesupport_fastrtps_cpp.dir/rosidl_typesupport_fastrtps_cpp/ros2kdb/msg/detail/dds_fastrtps/edf_output__type_support.cpp.o[0m
[ 34%] [32mBuilding CXX object CMakeFiles/ros2kdb__rosidl_typesupport_introspection_cpp.dir/rosidl_typesupport_introspection_cpp/ros2kdb/msg/detail/elevon_output__type_support.cpp.o[0m
[ 35%] [32mBuilding CXX object CMakeFiles/ros2kdb__rosidl_typesupport_fastrtps_cpp.dir/rosidl_typesupport_fastrtps_cpp/ros2kdb/msg/detail/dds_fastrtps/elevon_input__type_support.cpp.o[0m
[ 37%] [32mBuilding CXX object CMakeFiles/ros2kdb__rosidl_typesupport_introspection_cpp.dir/rosidl_typesupport_introspection_cpp/ros2kdb/msg/detail/exhaust_input__type_support.cpp.o[0m
[ 38%] [32m[1mLinking CXX shared library libros2kdb__rosidl_typesupport_cpp.so[0m
[ 39%] [32mBuilding CXX object CMakeFiles/ros2kdb__rosidl_typesupport_introspection_cpp.dir/rosidl_typesupport_introspection_cpp/ros2kdb/msg/detail/exhaust_output__type_support.cpp.o[0m
[ 39%] Built target ros2kdb__rosidl_typesupport_cpp
[ 40%] [32mBuilding CXX object CMakeFiles/ros2kdb__rosidl_typesupport_introspection_cpp.dir/rosidl_typesupport_introspection_cpp/ros2kdb/msg/detail/locate__type_support.cpp.o[0m
[ 41%] [32mBuilding CXX object CMakeFiles/ros2kdb__rosidl_typesupport_fastrtps_cpp.dir/rosidl_typesupport_fastrtps_cpp/ros2kdb/msg/detail/dds_fastrtps/elevon_output__type_support.cpp.o[0m
[ 42%] [32mBuilding CXX object CMakeFiles/ros2kdb__rosidl_typesupport_fastrtps_cpp.dir/rosidl_typesupport_fastrtps_cpp/ros2kdb/msg/detail/dds_fastrtps/exhaust_input__type_support.cpp.o[0m
[ 43%] [32mBuilding CXX object CMakeFiles/ros2kdb__rosidl_typesupport_fastrtps_cpp.dir/rosidl_typesupport_fastrtps_cpp/ros2kdb/msg/detail/dds_fastrtps/exhaust_output__type_support.cpp.o[0m
[ 44%] [32mBuilding CXX object CMakeFiles/ros2kdb__rosidl_typesupport_fastrtps_cpp.dir/rosidl_typesupport_fastrtps_cpp/ros2kdb/msg/detail/dds_fastrtps/locate__type_support.cpp.o[0m
[ 46%] [32m[1mLinking CXX shared library libros2kdb__rosidl_typesupport_introspection_cpp.so[0m
[ 47%] [32m[1mLinking CXX shared library libros2kdb__rosidl_typesupport_fastrtps_cpp.so[0m
[ 47%] Built target ros2kdb__rosidl_typesupport_introspection_cpp
[ 47%] Built target ros2kdb__rosidl_typesupport_fastrtps_cpp
make: *** [Makefile:141: all] Error 2
